2023-04-19 22:55:36 INFO  Log:12 - ***************************************
2023-04-19 22:55:36 INFO  Log:13 - ***************************************
2023-04-19 22:55:36 INFO  Log:14 - **********This is the beginning of my test case***********
2023-04-19 22:55:36 INFO  Log:19 - My test case is executing right now
2023-04-19 22:55:36 INFO  Log:23 - My test case might have some trivial issues
2023-04-19 22:55:45 INFO  Log:19 - This test case is about to get completed
2023-04-19 22:55:45 INFO  Log:29 - #################################
2023-04-19 22:55:45 INFO  Log:30 - #################################
2023-04-19 22:55:45 INFO  Log:31 - #########This test case is finished########
2023-04-20 19:12:23 INFO  Log:12 - ***************************************
2023-04-20 19:12:23 INFO  Log:13 - ***************************************
2023-04-20 19:12:23 INFO  Log:14 - **********This is the beginning of my test case***********
2023-04-20 19:12:23 INFO  Log:19 - My test case is executing right now
2023-04-20 19:12:23 INFO  Log:23 - My test case might have some trivial issues
2023-04-20 19:12:31 INFO  Log:19 - This test case is about to get completed
2023-04-20 19:12:31 INFO  Log:29 - #################################
2023-04-20 19:12:31 INFO  Log:30 - #################################
2023-04-20 19:12:31 INFO  Log:31 - #########This test case is finished########
2023-04-24 18:22:09 INFO  Log:12 - ***************************************
2023-04-24 18:22:09 INFO  Log:13 - ***************************************
2023-04-24 18:22:09 INFO  Log:14 - **********This is the beginning of my test case***********
2023-04-24 18:22:09 INFO  Log:19 - My test case is executing right now
2023-04-24 18:22:09 INFO  Log:23 - My test case might have some trivial issues
2023-04-24 18:22:09 INFO  Log:19 - This test case is about to get completed
2023-04-24 18:22:09 INFO  Log:29 - #################################
2023-04-24 18:22:09 INFO  Log:30 - #################################
2023-04-24 18:22:09 INFO  Log:31 - #########This test case is finished########
2023-05-13 18:26:54 INFO  Log:12 - ***************************************
2023-05-13 18:26:54 INFO  Log:13 - ***************************************
2023-05-13 18:26:54 INFO  Log:14 - **********This is the beginning of my test case***********
2023-05-13 18:26:54 INFO  Log:19 - My test case is executing right now
2023-05-13 18:26:54 INFO  Log:23 - My test case might have some trivial issues
2023-05-13 18:26:54 INFO  Log:19 - This test case is about to get completed
2023-05-13 18:26:54 INFO  Log:29 - #################################
2023-05-13 18:26:54 INFO  Log:30 - #################################
2023-05-13 18:26:54 INFO  Log:31 - #########This test case is finished########
2023-05-13 18:40:32 INFO  Log:12 - ***************************************
2023-05-13 18:40:32 INFO  Log:13 - ***************************************
2023-05-13 18:40:32 INFO  Log:14 - **********This is the beginning of my test case***********
2023-05-13 18:40:32 INFO  Log:19 - My test case is executing right now
2023-05-13 18:40:32 INFO  Log:23 - My test case might have some trivial issues
2023-05-13 18:40:33 INFO  Log:19 - This test case is about to get completed
2023-05-13 18:40:33 INFO  Log:29 - #################################
2023-05-13 18:40:33 INFO  Log:30 - #################################
2023-05-13 18:40:33 INFO  Log:31 - #########This test case is finished########
2023-05-13 18:41:29 INFO  Log:12 - ***************************************
2023-05-13 18:41:29 INFO  Log:13 - ***************************************
2023-05-13 18:41:29 INFO  Log:14 - **********This is the beginning of my test case***********
2023-05-13 18:41:29 INFO  Log:19 - My test case is executing right now
2023-05-13 18:41:29 INFO  Log:23 - My test case might have some trivial issues
2023-05-13 18:41:30 INFO  Log:19 - This test case is about to get completed
2023-05-13 18:41:30 INFO  Log:29 - #################################
2023-05-13 18:41:30 INFO  Log:30 - #################################
2023-05-13 18:41:30 INFO  Log:31 - #########This test case is finished########
2023-05-13 18:42:36 INFO  Log:12 - ***************************************
2023-05-13 18:42:36 INFO  Log:13 - ***************************************
2023-05-13 18:42:36 INFO  Log:14 - **********This is the beginning of my test case***********
2023-05-13 18:42:36 INFO  Log:19 - My test case is executing right now
2023-05-13 18:42:36 INFO  Log:23 - My test case might have some trivial issues
2023-05-13 18:42:36 INFO  Log:19 - This test case is about to get completed
2023-05-13 18:42:36 INFO  Log:29 - #################################
2023-05-13 18:42:36 INFO  Log:30 - #################################
2023-05-13 18:42:36 INFO  Log:31 - #########This test case is finished########
2023-05-13 18:43:30 INFO  Log:12 - ***************************************
2023-05-13 18:43:30 INFO  Log:13 - ***************************************
2023-05-13 18:43:30 INFO  Log:14 - **********This is the beginning of my test case***********
2023-05-13 18:43:30 INFO  Log:19 - My test case is executing right now
2023-05-13 18:43:30 INFO  Log:23 - My test case might have some trivial issues
2023-05-13 18:43:30 INFO  Log:19 - This test case is about to get completed
2023-05-13 18:43:30 INFO  Log:29 - #################################
2023-05-13 18:43:30 INFO  Log:30 - #################################
2023-05-13 18:43:30 INFO  Log:31 - #########This test case is finished########
2023-05-13 18:46:39 INFO  Log:12 - ***************************************
2023-05-13 18:46:39 INFO  Log:13 - ***************************************
2023-05-13 18:46:39 INFO  Log:14 - **********This is the beginning of my test case***********
2023-05-13 18:46:39 INFO  Log:19 - My test case is executing right now
2023-05-13 18:46:39 INFO  Log:23 - My test case might have some trivial issues
2023-05-13 18:46:40 INFO  Log:19 - This test case is about to get completed
2023-05-13 18:46:40 INFO  Log:29 - #################################
2023-05-13 18:46:40 INFO  Log:30 - #################################
2023-05-13 18:46:40 INFO  Log:31 - #########This test case is finished########
2023-05-13 18:48:40 INFO  Log:12 - ***************************************
2023-05-13 18:48:40 INFO  Log:13 - ***************************************
2023-05-13 18:48:40 INFO  Log:14 - **********This is the beginning of my test case***********
2023-05-13 18:48:40 INFO  Log:19 - My test case is executing right now
2023-05-13 18:48:40 INFO  Log:23 - My test case might have some trivial issues
2023-05-13 18:48:40 INFO  Log:19 - This test case is about to get completed
2023-05-13 18:48:40 INFO  Log:29 - #################################
2023-05-13 18:48:40 INFO  Log:30 - #################################
2023-05-13 18:48:40 INFO  Log:31 - #########This test case is finished########
2023-05-13 19:07:02 INFO  Log:12 - ***************************************
2023-05-13 19:07:02 INFO  Log:13 - ***************************************
2023-05-13 19:07:02 INFO  Log:14 - **********This is the beginning of my test case***********
2023-05-13 19:07:02 INFO  Log:19 - My test case is executing right now
2023-05-13 19:07:02 INFO  Log:23 - My test case might have some trivial issues
2023-05-13 19:07:10 INFO  Log:19 - This test case is about to get completed
2023-05-13 19:07:10 INFO  Log:29 - #################################
2023-05-13 19:07:10 INFO  Log:30 - #################################
2023-05-13 19:07:10 INFO  Log:31 - #########This test case is finished########
2023-05-27 17:01:16 INFO  Log:12 - ***************************************
2023-05-27 17:01:16 INFO  Log:13 - ***************************************
2023-05-27 17:01:16 INFO  Log:14 - **********This is the beginning of my test case***********
2023-05-27 17:01:16 INFO  Log:19 - My test case is executing right now
2023-05-27 17:01:16 INFO  Log:23 - My test case might have some trivial issues
2023-05-27 17:01:18 INFO  Log:19 - This test case is about to get completed
2023-05-27 17:01:18 INFO  Log:29 - #################################
2023-05-27 17:01:18 INFO  Log:30 - #################################
2023-05-27 17:01:18 INFO  Log:31 - #########This test case is finished########
2023-05-27 18:46:26 INFO  Log:12 - ***************************************
2023-05-27 18:46:26 INFO  Log:13 - ***************************************
2023-05-27 18:46:26 INFO  Log:14 - **********This is the beginning of my test case***********
2023-05-27 18:46:26 INFO  Log:19 - My test case is executing right now
2023-05-27 18:46:26 INFO  Log:23 - My test case might have some trivial issues
2023-05-27 18:46:29 INFO  Log:19 - This test case is about to get completed
2023-05-27 18:46:29 INFO  Log:29 - #################################
2023-05-27 18:46:29 INFO  Log:30 - #################################
2023-05-27 18:46:29 INFO  Log:31 - #########This test case is finished########
2023-05-27 18:46:32 INFO  Log:12 - ***************************************
2023-05-27 18:46:32 INFO  Log:13 - ***************************************
2023-05-27 18:46:32 INFO  Log:14 - **********This is the beginning of my test case***********
2023-05-27 18:46:32 INFO  Log:19 - My test case is executing right now
2023-05-27 18:46:32 INFO  Log:23 - My test case might have some trivial issues
2023-05-27 18:46:33 INFO  Log:19 - This test case is about to get completed
2023-05-27 18:46:33 INFO  Log:29 - #################################
2023-05-27 18:46:33 INFO  Log:30 - #################################
2023-05-27 18:46:33 INFO  Log:31 - #########This test case is finished########
2023-05-27 20:02:47 INFO  Log:12 - ***************************************
2023-05-27 20:02:47 INFO  Log:13 - ***************************************
2023-05-27 20:02:47 INFO  Log:14 - **********This is the beginning of my test case***********
2023-05-27 20:02:47 INFO  Log:19 - My test case is executing right now
2023-05-27 20:02:47 INFO  Log:23 - My test case might have some trivial issues
2023-05-27 20:02:47 INFO  Log:19 - This test case is about to get completed
2023-05-27 20:02:47 INFO  Log:29 - #################################
2023-05-27 20:02:47 INFO  Log:30 - #################################
2023-05-27 20:02:47 INFO  Log:31 - #########This test case is finished########
2023-05-27 20:02:51 INFO  Log:12 - ***************************************
2023-05-27 20:02:51 INFO  Log:13 - ***************************************
2023-05-27 20:02:51 INFO  Log:14 - **********This is the beginning of my test case***********
2023-05-27 20:02:51 INFO  Log:19 - My test case is executing right now
2023-05-27 20:02:51 INFO  Log:23 - My test case might have some trivial issues
2023-05-27 20:02:51 INFO  Log:19 - This test case is about to get completed
2023-05-27 20:02:51 INFO  Log:29 - #################################
2023-05-27 20:02:51 INFO  Log:30 - #################################
2023-05-27 20:02:51 INFO  Log:31 - #########This test case is finished########
2023-05-27 20:02:55 INFO  Log:12 - ***************************************
2023-05-27 20:02:55 INFO  Log:13 - ***************************************
2023-05-27 20:02:55 INFO  Log:14 - **********This is the beginning of my test case***********
2023-05-27 20:02:55 INFO  Log:19 - My test case is executing right now
2023-05-27 20:02:55 INFO  Log:23 - My test case might have some trivial issues
2023-05-27 20:02:55 INFO  Log:19 - This test case is about to get completed
2023-05-27 20:02:55 INFO  Log:29 - #################################
2023-05-27 20:02:55 INFO  Log:30 - #################################
2023-05-27 20:02:55 INFO  Log:31 - #########This test case is finished########
2023-05-27 21:17:32 INFO  Log:12 - ***************************************
2023-05-27 21:17:32 INFO  Log:13 - ***************************************
2023-05-27 21:17:32 INFO  Log:14 - **********This is the beginning of my test case***********
2023-05-27 21:17:32 INFO  Log:19 - My test case is executing right now
2023-05-27 21:17:32 INFO  Log:23 - My test case might have some trivial issues
2023-05-27 21:17:32 INFO  Log:19 - This test case is about to get completed
2023-05-27 21:17:32 INFO  Log:29 - #################################
2023-05-27 21:17:32 INFO  Log:30 - #################################
2023-05-27 21:17:32 INFO  Log:31 - #########This test case is finished########
2023-05-27 21:17:37 INFO  Log:12 - ***************************************
2023-05-27 21:17:37 INFO  Log:13 - ***************************************
2023-05-27 21:17:37 INFO  Log:14 - **********This is the beginning of my test case***********
2023-05-27 21:17:37 INFO  Log:19 - My test case is executing right now
2023-05-27 21:17:37 INFO  Log:23 - My test case might have some trivial issues
2023-05-27 21:17:38 INFO  Log:19 - This test case is about to get completed
2023-05-27 21:17:38 INFO  Log:29 - #################################
2023-05-27 21:17:38 INFO  Log:30 - #################################
2023-05-27 21:17:38 INFO  Log:31 - #########This test case is finished########
2023-06-01 19:38:48 INFO  Log:12 - ***************************************
2023-06-01 19:38:48 INFO  Log:13 - ***************************************
2023-06-01 19:38:48 INFO  Log:14 - **********This is the beginning of my test case***********
2023-06-01 19:38:48 INFO  Log:19 - My test case is executing right now
2023-06-01 19:38:48 INFO  Log:23 - My test case might have some trivial issues
2023-06-01 19:40:25 INFO  Log:12 - ***************************************
2023-06-01 19:40:25 INFO  Log:13 - ***************************************
2023-06-01 19:40:25 INFO  Log:14 - **********This is the beginning of my test case***********
2023-06-01 19:40:25 INFO  Log:19 - My test case is executing right now
2023-06-01 19:40:25 INFO  Log:23 - My test case might have some trivial issues
2023-06-01 19:40:42 INFO  Log:19 - This test case is about to get completed
2023-06-01 19:40:42 INFO  Log:29 - #################################
2023-06-01 19:40:42 INFO  Log:30 - #################################
2023-06-01 19:40:42 INFO  Log:31 - #########This test case is finished########
2023-06-01 19:40:54 INFO  Log:12 - ***************************************
2023-06-01 19:40:54 INFO  Log:13 - ***************************************
2023-06-01 19:40:54 INFO  Log:14 - **********This is the beginning of my test case***********
2023-06-01 19:40:54 INFO  Log:19 - My test case is executing right now
2023-06-01 19:40:54 INFO  Log:23 - My test case might have some trivial issues
2023-06-01 19:41:03 INFO  Log:19 - This test case is about to get completed
2023-06-01 19:41:03 INFO  Log:29 - #################################
2023-06-01 19:41:03 INFO  Log:30 - #################################
2023-06-01 19:41:03 INFO  Log:31 - #########This test case is finished########
2023-06-01 19:42:25 INFO  Log:12 - ***************************************
2023-06-01 19:42:25 INFO  Log:13 - ***************************************
2023-06-01 19:42:25 INFO  Log:14 - **********This is the beginning of my test case***********
2023-06-01 19:42:25 INFO  Log:19 - My test case is executing right now
2023-06-01 19:42:25 INFO  Log:23 - My test case might have some trivial issues
2023-06-01 19:42:43 INFO  Log:19 - This test case is about to get completed
2023-06-01 19:42:43 INFO  Log:29 - #################################
2023-06-01 19:42:43 INFO  Log:30 - #################################
2023-06-01 19:42:43 INFO  Log:31 - #########This test case is finished########
2023-06-01 19:43:41 INFO  Log:12 - ***************************************
2023-06-01 19:43:41 INFO  Log:13 - ***************************************
2023-06-01 19:43:41 INFO  Log:14 - **********This is the beginning of my test case***********
2023-06-01 19:43:41 INFO  Log:19 - My test case is executing right now
2023-06-01 19:43:41 INFO  Log:23 - My test case might have some trivial issues
2023-06-01 19:45:26 INFO  Log:12 - ***************************************
2023-06-01 19:45:26 INFO  Log:13 - ***************************************
2023-06-01 19:45:26 INFO  Log:14 - **********This is the beginning of my test case***********
2023-06-01 19:45:26 INFO  Log:19 - My test case is executing right now
2023-06-01 19:45:26 INFO  Log:23 - My test case might have some trivial issues
2023-06-01 19:45:45 INFO  Log:19 - This test case is about to get completed
2023-06-01 19:45:45 INFO  Log:29 - #################################
2023-06-01 19:45:45 INFO  Log:30 - #################################
2023-06-01 19:45:45 INFO  Log:31 - #########This test case is finished########
2023-06-01 19:46:07 INFO  Log:12 - ***************************************
2023-06-01 19:46:07 INFO  Log:13 - ***************************************
2023-06-01 19:46:07 INFO  Log:14 - **********This is the beginning of my test case***********
2023-06-01 19:46:07 INFO  Log:19 - My test case is executing right now
2023-06-01 19:46:07 INFO  Log:23 - My test case might have some trivial issues
2023-06-01 19:46:29 INFO  Log:19 - This test case is about to get completed
2023-06-01 19:46:29 INFO  Log:29 - #################################
2023-06-01 19:46:29 INFO  Log:30 - #################################
2023-06-01 19:46:29 INFO  Log:31 - #########This test case is finished########
2023-06-01 20:01:05 INFO  Log:12 - ***************************************
2023-06-01 20:01:05 INFO  Log:13 - ***************************************
2023-06-01 20:01:05 INFO  Log:14 - **********This is the beginning of my test case***********
2023-06-01 20:01:05 INFO  Log:19 - My test case is executing right now
2023-06-01 20:01:05 INFO  Log:23 - My test case might have some trivial issues
2023-06-01 20:01:31 INFO  Log:19 - This test case is about to get completed
2023-06-01 20:01:31 INFO  Log:29 - #################################
2023-06-01 20:01:31 INFO  Log:30 - #################################
2023-06-01 20:01:31 INFO  Log:31 - #########This test case is finished########
